{"/Users/nishadi/Desktop/week5_4d/app.js": {"path":"/Users/nishadi/Desktop/week5_4d/app.js","statementMap":{"0":{"start":{"line":1,"column":16},"end":{"line":1,"column":34}},"1":{"start":{"line":2,"column":12},"end":{"line":2,"column":21}},"2":{"start":{"line":4,"column":0},"end":{"line":4,"column":47}},"3":{"start":{"line":5,"column":0},"end":{"line":5,"column":24}},"4":{"start":{"line":6,"column":0},"end":{"line":6,"column":49}},"5":{"start":{"line":8,"column":20},"end":{"line":8,"column":45}},"6":{"start":{"line":9,"column":0},"end":{"line":9,"column":35}},"7":{"start":{"line":11,"column":0},"end":{"line":13,"column":3}},"8":{"start":{"line":12,"column":2},"end":{"line":12,"column":44}},"9":{"start":{"line":15,"column":0},"end":{"line":15,"column":70}},"10":{"start":{"line":15,"column":22},"end":{"line":15,"column":68}},"11":{"start":{"line":16,"column":0},"end":{"line":19,"column":3}},"12":{"start":{"line":17,"column":2},"end":{"line":17,"column":21}},"13":{"start":{"line":18,"column":2},"end":{"line":18,"column":52}},"14":{"start":{"line":21,"column":0},"end":{"line":21,"column":21}}},"fnMap":{"0":{"name":"(anonymous_0)","decl":{"start":{"line":11,"column":13},"end":{"line":11,"column":14}},"loc":{"start":{"line":11,"column":27},"end":{"line":13,"column":1}},"line":11},"1":{"name":"(anonymous_1)","decl":{"start":{"line":15,"column":8},"end":{"line":15,"column":9}},"loc":{"start":{"line":15,"column":22},"end":{"line":15,"column":68}},"line":15},"2":{"name":"(anonymous_2)","decl":{"start":{"line":16,"column":8},"end":{"line":16,"column":9}},"loc":{"start":{"line":16,"column":35},"end":{"line":19,"column":1}},"line":16}},"branchMap":{},"s":{"0":1,"1":1,"2":1,"3":1,"4":1,"5":1,"6":1,"7":1,"8":0,"9":1,"10":0,"11":1,"12":0,"13":0,"14":1},"f":{"0":0,"1":0,"2":0},"b":{},"_coverageSchema":"1a1c01bbd47fc00a2c39e90264f33305004495a9","hash":"70d1b21ec679a6e161abafb00441541365794659"}
,"/Users/nishadi/Desktop/week5_4d/controllers/booksController.js": {"path":"/Users/nishadi/Desktop/week5_4d/controllers/booksController.js","statementMap":{"0":{"start":{"line":2,"column":21},"end":{"line":2,"column":56}},"1":{"start":{"line":5,"column":23},"end":{"line":5,"column":85}},"2":{"start":{"line":7,"column":30},"end":{"line":7,"column":86}},"3":{"start":{"line":10,"column":2},"end":{"line":12,"column":16}},"4":{"start":{"line":11,"column":14},"end":{"line":11,"column":23}},"5":{"start":{"line":17,"column":2},"end":{"line":17,"column":71}},"6":{"start":{"line":17,"column":41},"end":{"line":17,"column":69}},"7":{"start":{"line":21,"column":0},"end":{"line":31,"column":2}},"8":{"start":{"line":22,"column":2},"end":{"line":30,"column":1}},"9":{"start":{"line":23,"column":16},"end":{"line":23,"column":48}},"10":{"start":{"line":24,"column":2},"end":{"line":27,"column":3}},"11":{"start":{"line":29,"column":2},"end":{"line":29,"column":12}},"12":{"start":{"line":34,"column":0},"end":{"line":53,"column":2}},"13":{"start":{"line":35,"column":2},"end":{"line":52,"column":1}},"14":{"start":{"line":36,"column":15},"end":{"line":36,"column":60}},"15":{"start":{"line":38,"column":2},"end":{"line":43,"column":3}},"16":{"start":{"line":39,"column":4},"end":{"line":42,"column":7}},"17":{"start":{"line":45,"column":2},"end":{"line":48,"column":5}},"18":{"start":{"line":51,"column":2},"end":{"line":51,"column":12}},"19":{"start":{"line":56,"column":0},"end":{"line":95,"column":2}},"20":{"start":{"line":57,"column":2},"end":{"line":94,"column":3}},"21":{"start":{"line":59,"column":26},"end":{"line":59,"column":69}},"22":{"start":{"line":60,"column":4},"end":{"line":65,"column":5}},"23":{"start":{"line":61,"column":6},"end":{"line":64,"column":9}},"24":{"start":{"line":68,"column":63},"end":{"line":68,"column":71}},"25":{"start":{"line":69,"column":17},"end":{"line":69,"column":67}},"26":{"start":{"line":71,"column":17},"end":{"line":71,"column":52}},"27":{"start":{"line":73,"column":4},"end":{"line":77,"column":7}},"28":{"start":{"line":80,"column":4},"end":{"line":85,"column":5}},"29":{"start":{"line":81,"column":6},"end":{"line":84,"column":9}},"30":{"start":{"line":87,"column":4},"end":{"line":92,"column":5}},"31":{"start":{"line":88,"column":6},"end":{"line":91,"column":9}},"32":{"start":{"line":93,"column":4},"end":{"line":93,"column":14}},"33":{"start":{"line":98,"column":0},"end":{"line":151,"column":2}},"34":{"start":{"line":99,"column":2},"end":{"line":150,"column":3}},"35":{"start":{"line":101,"column":4},"end":{"line":106,"column":5}},"36":{"start":{"line":102,"column":6},"end":{"line":105,"column":9}},"37":{"start":{"line":109,"column":26},"end":{"line":109,"column":76}},"38":{"start":{"line":110,"column":4},"end":{"line":115,"column":5}},"39":{"start":{"line":111,"column":6},"end":{"line":114,"column":9}},"40":{"start":{"line":118,"column":59},"end":{"line":118,"column":67}},"41":{"start":{"line":119,"column":17},"end":{"line":119,"column":19}},"42":{"start":{"line":120,"column":4},"end":{"line":120,"column":48}},"43":{"start":{"line":120,"column":29},"end":{"line":120,"column":48}},"44":{"start":{"line":121,"column":4},"end":{"line":121,"column":51}},"45":{"start":{"line":121,"column":30},"end":{"line":121,"column":51}},"46":{"start":{"line":122,"column":4},"end":{"line":122,"column":45}},"47":{"start":{"line":122,"column":28},"end":{"line":122,"column":45}},"48":{"start":{"line":123,"column":4},"end":{"line":123,"column":48}},"49":{"start":{"line":123,"column":29},"end":{"line":123,"column":48}},"50":{"start":{"line":124,"column":4},"end":{"line":124,"column":54}},"51":{"start":{"line":124,"column":31},"end":{"line":124,"column":54}},"52":{"start":{"line":125,"column":4},"end":{"line":125,"column":48}},"53":{"start":{"line":125,"column":29},"end":{"line":125,"column":48}},"54":{"start":{"line":127,"column":17},"end":{"line":127,"column":67}},"55":{"start":{"line":129,"column":4},"end":{"line":134,"column":5}},"56":{"start":{"line":130,"column":6},"end":{"line":133,"column":9}},"57":{"start":{"line":136,"column":4},"end":{"line":140,"column":7}},"58":{"start":{"line":143,"column":4},"end":{"line":148,"column":5}},"59":{"start":{"line":144,"column":6},"end":{"line":147,"column":9}},"60":{"start":{"line":149,"column":4},"end":{"line":149,"column":14}}},"fnMap":{"0":{"name":"parseValidationError","decl":{"start":{"line":9,"column":9},"end":{"line":9,"column":29}},"loc":{"start":{"line":9,"column":35},"end":{"line":13,"column":1}},"line":9},"1":{"name":"(anonymous_1)","decl":{"start":{"line":11,"column":9},"end":{"line":11,"column":10}},"loc":{"start":{"line":11,"column":14},"end":{"line":11,"column":23}},"line":11},"2":{"name":"findUnknownFields","decl":{"start":{"line":16,"column":9},"end":{"line":16,"column":26}},"loc":{"start":{"line":16,"column":48},"end":{"line":18,"column":1}},"line":16},"3":{"name":"(anonymous_3)","decl":{"start":{"line":17,"column":34},"end":{"line":17,"column":35}},"loc":{"start":{"line":17,"column":41},"end":{"line":17,"column":69}},"line":17},"4":{"name":"(anonymous_4)","decl":{"start":{"line":21,"column":22},"end":{"line":21,"column":23}},"loc":{"start":{"line":21,"column":48},"end":{"line":31,"column":1}},"line":21},"5":{"name":"(anonymous_5)","decl":{"start":{"line":34,"column":22},"end":{"line":34,"column":23}},"loc":{"start":{"line":34,"column":48},"end":{"line":53,"column":1}},"line":34},"6":{"name":"(anonymous_6)","decl":{"start":{"line":56,"column":21},"end":{"line":56,"column":22}},"loc":{"start":{"line":56,"column":47},"end":{"line":95,"column":1}},"line":56},"7":{"name":"(anonymous_7)","decl":{"start":{"line":98,"column":21},"end":{"line":98,"column":22}},"loc":{"start":{"line":98,"column":47},"end":{"line":151,"column":1}},"line":98}},"branchMap":{"0":{"loc":{"start":{"line":38,"column":2},"end":{"line":43,"column":3}},"type":"if","locations":[{"start":{"line":38,"column":2},"end":{"line":43,"column":3}},{"start":{},"end":{}}],"line":38},"1":{"loc":{"start":{"line":60,"column":4},"end":{"line":65,"column":5}},"type":"if","locations":[{"start":{"line":60,"column":4},"end":{"line":65,"column":5}},{"start":{},"end":{}}],"line":60},"2":{"loc":{"start":{"line":80,"column":4},"end":{"line":85,"column":5}},"type":"if","locations":[{"start":{"line":80,"column":4},"end":{"line":85,"column":5}},{"start":{},"end":{}}],"line":80},"3":{"loc":{"start":{"line":87,"column":4},"end":{"line":92,"column":5}},"type":"if","locations":[{"start":{"line":87,"column":4},"end":{"line":92,"column":5}},{"start":{},"end":{}}],"line":87},"4":{"loc":{"start":{"line":101,"column":4},"end":{"line":106,"column":5}},"type":"if","locations":[{"start":{"line":101,"column":4},"end":{"line":106,"column":5}},{"start":{},"end":{}}],"line":101},"5":{"loc":{"start":{"line":110,"column":4},"end":{"line":115,"column":5}},"type":"if","locations":[{"start":{"line":110,"column":4},"end":{"line":115,"column":5}},{"start":{},"end":{}}],"line":110},"6":{"loc":{"start":{"line":120,"column":4},"end":{"line":120,"column":48}},"type":"if","locations":[{"start":{"line":120,"column":4},"end":{"line":120,"column":48}},{"start":{},"end":{}}],"line":120},"7":{"loc":{"start":{"line":121,"column":4},"end":{"line":121,"column":51}},"type":"if","locations":[{"start":{"line":121,"column":4},"end":{"line":121,"column":51}},{"start":{},"end":{}}],"line":121},"8":{"loc":{"start":{"line":122,"column":4},"end":{"line":122,"column":45}},"type":"if","locations":[{"start":{"line":122,"column":4},"end":{"line":122,"column":45}},{"start":{},"end":{}}],"line":122},"9":{"loc":{"start":{"line":123,"column":4},"end":{"line":123,"column":48}},"type":"if","locations":[{"start":{"line":123,"column":4},"end":{"line":123,"column":48}},{"start":{},"end":{}}],"line":123},"10":{"loc":{"start":{"line":124,"column":4},"end":{"line":124,"column":54}},"type":"if","locations":[{"start":{"line":124,"column":4},"end":{"line":124,"column":54}},{"start":{},"end":{}}],"line":124},"11":{"loc":{"start":{"line":125,"column":4},"end":{"line":125,"column":48}},"type":"if","locations":[{"start":{"line":125,"column":4},"end":{"line":125,"column":48}},{"start":{},"end":{}}],"line":125},"12":{"loc":{"start":{"line":129,"column":4},"end":{"line":134,"column":5}},"type":"if","locations":[{"start":{"line":129,"column":4},"end":{"line":134,"column":5}},{"start":{},"end":{}}],"line":129},"13":{"loc":{"start":{"line":143,"column":4},"end":{"line":148,"column":5}},"type":"if","locations":[{"start":{"line":143,"column":4},"end":{"line":148,"column":5}},{"start":{},"end":{}}],"line":143}},"s":{"0":1,"1":1,"2":1,"3":1,"4":1,"5":5,"6":32,"7":1,"8":0,"9":0,"10":0,"11":0,"12":1,"13":0,"14":0,"15":0,"16":0,"17":0,"18":0,"19":1,"20":3,"21":3,"22":3,"23":0,"24":3,"25":3,"26":3,"27":1,"28":2,"29":1,"30":1,"31":1,"32":0,"33":1,"34":2,"35":2,"36":0,"37":2,"38":2,"39":0,"40":2,"41":2,"42":2,"43":2,"44":2,"45":2,"46":2,"47":2,"48":2,"49":2,"50":2,"51":2,"52":2,"53":2,"54":2,"55":2,"56":1,"57":1,"58":0,"59":0,"60":0},"f":{"0":1,"1":1,"2":5,"3":32,"4":0,"5":0,"6":3,"7":2},"b":{"0":[0,0],"1":[0,3],"2":[1,1],"3":[1,0],"4":[0,2],"5":[0,2],"6":[2,0],"7":[2,0],"8":[2,0],"9":[2,0],"10":[2,0],"11":[2,0],"12":[1,1],"13":[0,0]},"_coverageSchema":"1a1c01bbd47fc00a2c39e90264f33305004495a9","hash":"55126971300a4c37f6b2a5f38aaec6d2574dafbb"}
,"/Users/nishadi/Desktop/week5_4d/controllers/index.js": {"path":"/Users/nishadi/Desktop/week5_4d/controllers/index.js","statementMap":{"0":{"start":{"line":1,"column":0},"end":{"line":3,"column":2}}},"fnMap":{},"branchMap":{},"s":{"0":1},"f":{},"b":{},"_coverageSchema":"1a1c01bbd47fc00a2c39e90264f33305004495a9","hash":"de2898315ba7437e9e4e9c139068f733b56c66fa"}
,"/Users/nishadi/Desktop/week5_4d/models/booksModel.js": {"path":"/Users/nishadi/Desktop/week5_4d/models/booksModel.js","statementMap":{"0":{"start":{"line":1,"column":17},"end":{"line":1,"column":36}},"1":{"start":{"line":3,"column":19},"end":{"line":80,"column":2}},"2":{"start":{"line":68,"column":14},"end":{"line":68,"column":37}},"3":{"start":{"line":71,"column":8},"end":{"line":71,"column":49}},"4":{"start":{"line":78,"column":70},"end":{"line":78,"column":85}},"5":{"start":{"line":78,"column":86},"end":{"line":78,"column":101}},"6":{"start":{"line":78,"column":102},"end":{"line":78,"column":113}},"7":{"start":{"line":82,"column":0},"end":{"line":82,"column":52}}},"fnMap":{"0":{"name":"(anonymous_0)","decl":{"start":{"line":68,"column":9},"end":{"line":68,"column":10}},"loc":{"start":{"line":68,"column":14},"end":{"line":68,"column":37}},"line":68},"1":{"name":"(anonymous_1)","decl":{"start":{"line":70,"column":17},"end":{"line":70,"column":18}},"loc":{"start":{"line":70,"column":29},"end":{"line":72,"column":7}},"line":70},"2":{"name":"(anonymous_2)","decl":{"start":{"line":78,"column":54},"end":{"line":78,"column":55}},"loc":{"start":{"line":78,"column":68},"end":{"line":78,"column":114}},"line":78}},"branchMap":{"0":{"loc":{"start":{"line":68,"column":14},"end":{"line":68,"column":37}},"type":"cond-expr","locations":[{"start":{"line":68,"column":18},"end":{"line":68,"column":30}},{"start":{"line":68,"column":33},"end":{"line":68,"column":37}}],"line":68},"1":{"loc":{"start":{"line":71,"column":15},"end":{"line":71,"column":48}},"type":"binary-expr","locations":[{"start":{"line":71,"column":15},"end":{"line":71,"column":16}},{"start":{"line":71,"column":20},"end":{"line":71,"column":48}}],"line":71}},"s":{"0":1,"1":1,"2":2,"3":5,"4":2,"5":2,"6":2,"7":1},"f":{"0":2,"1":5,"2":2},"b":{"0":[2,0],"1":[5,5]},"_coverageSchema":"1a1c01bbd47fc00a2c39e90264f33305004495a9","hash":"f7f2edf7d28fccb9ac6f1444568d61f76df2de91"}
,"/Users/nishadi/Desktop/week5_4d/routes/books.js": {"path":"/Users/nishadi/Desktop/week5_4d/routes/books.js","statementMap":{"0":{"start":{"line":1,"column":16},"end":{"line":1,"column":34}},"1":{"start":{"line":2,"column":15},"end":{"line":2,"column":31}},"2":{"start":{"line":4,"column":20},"end":{"line":4,"column":45}},"3":{"start":{"line":7,"column":0},"end":{"line":7,"column":57}},"4":{"start":{"line":10,"column":0},"end":{"line":10,"column":60}},"5":{"start":{"line":13,"column":0},"end":{"line":13,"column":57}},"6":{"start":{"line":16,"column":0},"end":{"line":16,"column":59}},"7":{"start":{"line":18,"column":0},"end":{"line":18,"column":24}}},"fnMap":{},"branchMap":{},"s":{"0":1,"1":1,"2":1,"3":1,"4":1,"5":1,"6":1,"7":1},"f":{},"b":{},"_coverageSchema":"1a1c01bbd47fc00a2c39e90264f33305004495a9","hash":"ca858452b6b11a52236776e575a0fbae499fffe7"}
,"/Users/nishadi/Desktop/week5_4d/services/booksService.js": {"path":"/Users/nishadi/Desktop/week5_4d/services/booksService.js","statementMap":{"0":{"start":{"line":1,"column":13},"end":{"line":1,"column":44}},"1":{"start":{"line":4,"column":20},"end":{"line":6,"column":1}},"2":{"start":{"line":5,"column":2},"end":{"line":5,"column":45}},"3":{"start":{"line":9,"column":20},"end":{"line":11,"column":1}},"4":{"start":{"line":10,"column":2},"end":{"line":10,"column":54}},"5":{"start":{"line":14,"column":19},"end":{"line":18,"column":1}},"6":{"start":{"line":15,"column":15},"end":{"line":15,"column":29}},"7":{"start":{"line":16,"column":2},"end":{"line":16,"column":20}},"8":{"start":{"line":17,"column":2},"end":{"line":17,"column":14}},"9":{"start":{"line":21,"column":19},"end":{"line":31,"column":1}},"10":{"start":{"line":22,"column":2},"end":{"line":30,"column":4}},"11":{"start":{"line":33,"column":0},"end":{"line":38,"column":2}}},"fnMap":{"0":{"name":"(anonymous_0)","decl":{"start":{"line":4,"column":20},"end":{"line":4,"column":21}},"loc":{"start":{"line":4,"column":32},"end":{"line":6,"column":1}},"line":4},"1":{"name":"(anonymous_1)","decl":{"start":{"line":9,"column":20},"end":{"line":9,"column":21}},"loc":{"start":{"line":9,"column":34},"end":{"line":11,"column":1}},"line":9},"2":{"name":"(anonymous_2)","decl":{"start":{"line":14,"column":19},"end":{"line":14,"column":20}},"loc":{"start":{"line":14,"column":35},"end":{"line":18,"column":1}},"line":14},"3":{"name":"(anonymous_3)","decl":{"start":{"line":21,"column":19},"end":{"line":21,"column":20}},"loc":{"start":{"line":21,"column":39},"end":{"line":31,"column":1}},"line":21}},"branchMap":{},"s":{"0":1,"1":1,"2":0,"3":1,"4":0,"5":1,"6":3,"7":3,"8":1,"9":1,"10":2,"11":1},"f":{"0":0,"1":0,"2":3,"3":2},"b":{},"_coverageSchema":"1a1c01bbd47fc00a2c39e90264f33305004495a9","hash":"af170742f660eda923a77879ed18fdda470ca780"}
}
