TN:
SF:app.js
FN:11,(anonymous_0)
FN:15,(anonymous_1)
FN:16,(anonymous_2)
FNF:3
FNH:0
FNDA:0,(anonymous_0)
FNDA:0,(anonymous_1)
FNDA:0,(anonymous_2)
DA:1,1
DA:2,1
DA:4,1
DA:5,1
DA:6,1
DA:8,1
DA:9,1
DA:11,1
DA:12,0
DA:15,1
DA:16,1
DA:17,0
DA:18,0
DA:21,1
LF:14
LH:11
BRF:0
BRH:0
end_of_record
TN:
SF:controllers/booksController.js
FN:9,parseValidationError
FN:11,(anonymous_1)
FN:16,findUnknownFields
FN:17,(anonymous_3)
FN:21,(anonymous_4)
FN:34,(anonymous_5)
FN:56,(anonymous_6)
FN:98,(anonymous_7)
FNF:8
FNH:6
FNDA:1,parseValidationError
FNDA:1,(anonymous_1)
FNDA:5,findUnknownFields
FNDA:32,(anonymous_3)
FNDA:0,(anonymous_4)
FNDA:0,(anonymous_5)
FNDA:3,(anonymous_6)
FNDA:2,(anonymous_7)
DA:2,1
DA:5,1
DA:7,1
DA:10,1
DA:11,1
DA:17,32
DA:21,1
DA:22,0
DA:23,0
DA:24,0
DA:29,0
DA:34,1
DA:35,0
DA:36,0
DA:38,0
DA:39,0
DA:45,0
DA:51,0
DA:56,1
DA:57,3
DA:59,3
DA:60,3
DA:61,0
DA:68,3
DA:69,3
DA:71,3
DA:73,1
DA:80,2
DA:81,1
DA:87,1
DA:88,1
DA:93,0
DA:98,1
DA:99,2
DA:101,2
DA:102,0
DA:109,2
DA:110,2
DA:111,0
DA:118,2
DA:119,2
DA:120,2
DA:121,2
DA:122,2
DA:123,2
DA:124,2
DA:125,2
DA:127,2
DA:129,2
DA:130,1
DA:136,1
DA:143,0
DA:144,0
DA:149,0
LF:54
LH:37
BRDA:38,0,0,0
BRDA:38,0,1,0
BRDA:60,1,0,0
BRDA:60,1,1,3
BRDA:80,2,0,1
BRDA:80,2,1,1
BRDA:87,3,0,1
BRDA:87,3,1,0
BRDA:101,4,0,0
BRDA:101,4,1,2
BRDA:110,5,0,0
BRDA:110,5,1,2
BRDA:120,6,0,2
BRDA:120,6,1,0
BRDA:121,7,0,2
BRDA:121,7,1,0
BRDA:122,8,0,2
BRDA:122,8,1,0
BRDA:123,9,0,2
BRDA:123,9,1,0
BRDA:124,10,0,2
BRDA:124,10,1,0
BRDA:125,11,0,2
BRDA:125,11,1,0
BRDA:129,12,0,1
BRDA:129,12,1,1
BRDA:143,13,0,0
BRDA:143,13,1,0
BRF:28
BRH:14
end_of_record
TN:
SF:controllers/index.js
FNF:0
FNH:0
DA:1,1
LF:1
LH:1
BRF:0
BRH:0
end_of_record
TN:
SF:models/booksModel.js
FN:68,(anonymous_0)
FN:70,(anonymous_1)
FN:78,(anonymous_2)
FNF:3
FNH:3
FNDA:2,(anonymous_0)
FNDA:5,(anonymous_1)
FNDA:2,(anonymous_2)
DA:1,1
DA:3,1
DA:68,2
DA:71,5
DA:78,2
DA:82,1
LF:6
LH:6
BRDA:68,0,0,2
BRDA:68,0,1,0
BRDA:71,1,0,5
BRDA:71,1,1,5
BRF:4
BRH:3
end_of_record
TN:
SF:routes/books.js
FNF:0
FNH:0
DA:1,1
DA:2,1
DA:4,1
DA:7,1
DA:10,1
DA:13,1
DA:16,1
DA:18,1
LF:8
LH:8
BRF:0
BRH:0
end_of_record
TN:
SF:services/booksService.js
FN:4,(anonymous_0)
FN:9,(anonymous_1)
FN:14,(anonymous_2)
FN:21,(anonymous_3)
FNF:4
FNH:2
FNDA:0,(anonymous_0)
FNDA:0,(anonymous_1)
FNDA:3,(anonymous_2)
FNDA:2,(anonymous_3)
DA:1,1
DA:4,1
DA:5,0
DA:9,1
DA:10,0
DA:14,1
DA:15,3
DA:16,3
DA:17,1
DA:21,1
DA:22,2
DA:33,1
LF:12
LH:10
BRF:0
BRH:0
end_of_record
